<?xml version="1.0" encoding="UTF-8"?>
<!-- Generated by org.testng.reporters.JUnitReportReporter -->
<testsuite hostname="DESKTOP-CCAV231" failures="0" tests="1" name="Parameters.CrossBrowserTesting" time="31.966" errors="0" timestamp="2024-03-16T12:42:07 IST" skipped="0">
  <testcase classname="Parameters.CrossBrowserTesting" name="dws" time="31.966"/>
</testsuite> <!-- Parameters.CrossBrowserTesting -->
