<?xml version="1.0" encoding="UTF-8"?>
<!-- Generated by org.testng.reporters.JUnitReportReporter -->
<testsuite hostname="DESKTOP-CCAV231" failures="0" tests="1" name="Assertions.HardAssertMethods" time="13.040" errors="0" timestamp="2024-03-17T11:15:52 IST" skipped="0">
  <testcase classname="Assertions.HardAssertMethods" name="dws" time="13.040"/>
</testsuite> <!-- Assertions.HardAssertMethods -->
