<?xml version="1.0" encoding="UTF-8"?>
<!-- Generated by org.testng.reporters.JUnitReportReporter -->
<testsuite hostname="DESKTOP-CCAV231" failures="0" tests="5" name="Parameters.ParametersBasic" time="83.383" errors="0" timestamp="2024-03-16T12:23:41 IST" skipped="0">
  <testcase classname="Parameters.ParametersBasic" name="dws3" time="7.435"/>
  <testcase classname="Parameters.ParametersBasic" name="dws5" time="11.902"/>
  <testcase classname="Parameters.ParametersBasic" name="dws1" time="46.456"/>
  <testcase classname="Parameters.ParametersBasic" name="dws2" time="9.220"/>
  <testcase classname="Parameters.ParametersBasic" name="dws4" time="8.370"/>
</testsuite> <!-- Parameters.ParametersBasic -->
