<?xml version="1.0" encoding="UTF-8"?>
<!-- Generated by org.testng.reporters.JUnitReportReporter -->
<testsuite hostname="DESKTOP-CCAV231" failures="0" tests="1" name="Assertions.CheckUrlSearchButtonTextBox" time="33.299" errors="0" timestamp="2024-03-17T13:00:39 IST" skipped="0">
  <testcase classname="Assertions.CheckUrlSearchButtonTextBox" name="task" time="33.299"/>
</testsuite> <!-- Assertions.CheckUrlSearchButtonTextBox -->
