<?xml version="1.0" encoding="UTF-8"?>
<!-- Generated by org.testng.reporters.JUnitReportReporter -->
<testsuite hostname="DESKTOP-CCAV231" failures="0" tests="2" name="DataProvider.StoreDataByUsingDataProvider" time="24.605" errors="0" timestamp="2024-03-16T13:31:22 IST" skipped="0">
  <testcase classname="DataProvider.StoreDataByUsingDataProvider" name="reciever" time="7.428"/>
  <testcase classname="DataProvider.StoreDataByUsingDataProvider" name="reciever" time="17.177"/>
</testsuite> <!-- DataProvider.StoreDataByUsingDataProvider -->
