<?xml version="1.0" encoding="UTF-8"?>
<!-- Generated by org.testng.reporters.JUnitReportReporter -->
<testsuite hostname="DESKTOP-CCAV231" failures="0" tests="3" name="DataProvider.DataDrivenFrameWork" time="25.279" errors="0" timestamp="2024-03-16T15:25:55 IST" skipped="0">
  <testcase classname="DataProvider.DataDrivenFrameWork" name="login" time="5.556"/>
  <testcase classname="DataProvider.DataDrivenFrameWork" name="login" time="6.030"/>
  <testcase classname="DataProvider.DataDrivenFrameWork" name="login" time="13.693"/>
</testsuite> <!-- DataProvider.DataDrivenFrameWork -->
