<?xml version="1.0" encoding="UTF-8"?>
<!-- Generated by org.testng.reporters.JUnitReportReporter -->
<testsuite hostname="DESKTOP-CCAV231" failures="0" tests="1" name="POM.UseTheWebElements" time="21.967" errors="0" timestamp="2024-03-17T12:54:38 IST" skipped="0">
  <testcase classname="POM.UseTheWebElements" name="search" time="21.967"/>
</testsuite> <!-- POM.UseTheWebElements -->
