<?xml version="1.0" encoding="UTF-8"?>
<!-- Generated by org.testng.reporters.JUnitReportReporter -->
<testsuite hostname="DESKTOP-CCAV231" failures="0" tests="1" name="DataProvider.FetchFromExcelFile" time="1.607" errors="0" timestamp="2024-03-16T15:34:41 IST" skipped="0">
  <testcase classname="DataProvider.FetchFromExcelFile" name="data" time="1.607"/>
</testsuite> <!-- DataProvider.FetchFromExcelFile -->
